[6607 - Suricata-Main] 2025-10-19 16:37:04 Notice: suricata: This is Suricata version 7.0.3 RELEASE running in SYSTEM mode
[6607 - Suricata-Main] 2025-10-19 16:37:04 Info: cpu: CPUs/cores online: 16
[6607 - Suricata-Main] 2025-10-19 16:37:04 Info: suricata: Setting engine mode to IDS mode by default
[6607 - Suricata-Main] 2025-10-19 16:37:04 Info: exception-policy: master exception-policy set to: auto
[6607 - Suricata-Main] 2025-10-19 16:37:04 Info: ioctl: eth0: MTU 1280
[6607 - Suricata-Main] 2025-10-19 16:37:04 Info: logopenfile: fast output device (regular) initialized: fast.log
[6607 - Suricata-Main] 2025-10-19 16:37:04 Info: logopenfile: eve-log output device (regular) initialized: eve.json
[6607 - Suricata-Main] 2025-10-19 16:37:04 Info: logopenfile: stats output device (regular) initialized: stats.log
[6607 - Suricata-Main] 2025-10-19 16:37:04 Warning: detect: No rule files match the pattern /var/lib/suricata/rules/suricata.rules
[6607 - Suricata-Main] 2025-10-19 16:37:04 Warning: detect: 1 rule files specified, but no rules were loaded!
[6607 - Suricata-Main] 2025-10-19 16:37:04 Info: threshold-config: Threshold config parsed: 0 rule(s) found
[6607 - Suricata-Main] 2025-10-19 16:37:04 Info: detect: 0 signatures processed. 0 are IP-only rules, 0 are inspecting packet payload, 0 inspect application layer, 0 are decoder event only
[6607 - Suricata-Main] 2025-10-19 16:37:04 Perf: detect: TCP toserver: 0 port groups, 0 unique SGH's, 0 copies
[6607 - Suricata-Main] 2025-10-19 16:37:04 Perf: detect: TCP toclient: 0 port groups, 0 unique SGH's, 0 copies
[6607 - Suricata-Main] 2025-10-19 16:37:04 Perf: detect: UDP toserver: 0 port groups, 0 unique SGH's, 0 copies
[6607 - Suricata-Main] 2025-10-19 16:37:04 Perf: detect: UDP toclient: 0 port groups, 0 unique SGH's, 0 copies
[6607 - Suricata-Main] 2025-10-19 16:37:04 Perf: detect: OTHER toserver: 0 proto groups, 0 unique SGH's, 0 copies
[6607 - Suricata-Main] 2025-10-19 16:37:04 Perf: detect: OTHER toclient: 0 proto groups, 0 unique SGH's, 0 copies
[6607 - Suricata-Main] 2025-10-19 16:37:04 Perf: detect: Unique rule groups: 0
[6607 - Suricata-Main] 2025-10-19 16:37:04 Perf: detect: Builtin MPM "toserver TCP packet": 0
[6607 - Suricata-Main] 2025-10-19 16:37:04 Perf: detect: Builtin MPM "toclient TCP packet": 0
[6607 - Suricata-Main] 2025-10-19 16:37:04 Perf: detect: Builtin MPM "toserver TCP stream": 0
[6607 - Suricata-Main] 2025-10-19 16:37:04 Perf: detect: Builtin MPM "toclient TCP stream": 0
[6607 - Suricata-Main] 2025-10-19 16:37:04 Perf: detect: Builtin MPM "toserver UDP packet": 0
[6607 - Suricata-Main] 2025-10-19 16:37:04 Perf: detect: Builtin MPM "toclient UDP packet": 0
[6607 - Suricata-Main] 2025-10-19 16:37:04 Perf: detect: Builtin MPM "other IP packet": 0
[6607 - Suricata-Main] 2025-10-19 16:37:04 Error: af-packet: fanout not supported by kernel: Kernel too old or cluster-id 99 already in use.
[6607 - Suricata-Main] 2025-10-19 16:37:04 Info: runmodes: eth0: creating 1 thread
[6607 - Suricata-Main] 2025-10-19 16:37:04 Info: unix-manager: unix socket '/var/run/suricata-command.socket'
[6608 - W#01-eth0] 2025-10-19 16:37:04 Perf: af-packet: eth0: rx ring: block_size=32768 block_nr=90 frame_size=1376 frame_nr=2070
[6607 - Suricata-Main] 2025-10-19 16:37:04 Notice: threads: Threads created -> W: 1 FM: 1 FR: 1   Engine started.
[6607 - Suricata-Main] 2025-10-19 16:43:02 Notice: suricata: Signal Received.  Stopping engine.
[6607 - Suricata-Main] 2025-10-19 16:43:03 Info: suricata: time elapsed 358.856s
[6610 - FR#01] 2025-10-19 16:43:04 Perf: flow-manager: 21 flows processed
[6608 - W#01-eth0] 2025-10-19 16:43:04 Perf: af-packet: eth0: (W#01-eth0) kernel: Packets 2056, dropped 0
[6607 - Suricata-Main] 2025-10-19 16:43:04 Info: counters: Alerts: 0
[6607 - Suricata-Main] 2025-10-19 16:43:04 Perf: ippair: ippair memory usage: 414144 bytes, maximum: 16777216
[6607 - Suricata-Main] 2025-10-19 16:43:04 Perf: host: host memory usage: 398144 bytes, maximum: 33554432
[6607 - Suricata-Main] 2025-10-19 16:43:04 Notice: device: eth0: packets: 2056, drops: 0 (0.00%), invalid chksum: 0
[6844 - Suricata-Main] 2025-10-19 16:43:54 Notice: suricata: This is Suricata version 7.0.3 RELEASE running in SYSTEM mode
[6844 - Suricata-Main] 2025-10-19 16:43:54 Info: cpu: CPUs/cores online: 16
[6844 - Suricata-Main] 2025-10-19 16:43:54 Info: suricata: Setting engine mode to IDS mode by default
[6844 - Suricata-Main] 2025-10-19 16:43:54 Info: exception-policy: master exception-policy set to: auto
[6844 - Suricata-Main] 2025-10-19 16:43:54 Info: ioctl: eth0: MTU 1280
[6844 - Suricata-Main] 2025-10-19 16:43:54 Info: logopenfile: fast output device (regular) initialized: fast.log
[6844 - Suricata-Main] 2025-10-19 16:43:54 Info: logopenfile: eve-log output device (regular) initialized: eve.json
[6844 - Suricata-Main] 2025-10-19 16:43:54 Info: logopenfile: stats output device (regular) initialized: stats.log
[6844 - Suricata-Main] 2025-10-19 16:43:54 Warning: detect: No rule files match the pattern /var/lib/suricata/rules/suricata.rules
[6844 - Suricata-Main] 2025-10-19 16:43:54 Warning: detect: 1 rule files specified, but no rules were loaded!
[6844 - Suricata-Main] 2025-10-19 16:43:54 Info: threshold-config: Threshold config parsed: 0 rule(s) found
[6844 - Suricata-Main] 2025-10-19 16:43:54 Info: detect: 0 signatures processed. 0 are IP-only rules, 0 are inspecting packet payload, 0 inspect application layer, 0 are decoder event only
[6844 - Suricata-Main] 2025-10-19 16:43:54 Perf: detect: TCP toserver: 0 port groups, 0 unique SGH's, 0 copies
[6844 - Suricata-Main] 2025-10-19 16:43:54 Perf: detect: TCP toclient: 0 port groups, 0 unique SGH's, 0 copies
[6844 - Suricata-Main] 2025-10-19 16:43:54 Perf: detect: UDP toserver: 0 port groups, 0 unique SGH's, 0 copies
[6844 - Suricata-Main] 2025-10-19 16:43:54 Perf: detect: UDP toclient: 0 port groups, 0 unique SGH's, 0 copies
[6844 - Suricata-Main] 2025-10-19 16:43:54 Perf: detect: OTHER toserver: 0 proto groups, 0 unique SGH's, 0 copies
[6844 - Suricata-Main] 2025-10-19 16:43:54 Perf: detect: OTHER toclient: 0 proto groups, 0 unique SGH's, 0 copies
[6844 - Suricata-Main] 2025-10-19 16:43:54 Perf: detect: Unique rule groups: 0
[6844 - Suricata-Main] 2025-10-19 16:43:54 Perf: detect: Builtin MPM "toserver TCP packet": 0
[6844 - Suricata-Main] 2025-10-19 16:43:54 Perf: detect: Builtin MPM "toclient TCP packet": 0
[6844 - Suricata-Main] 2025-10-19 16:43:54 Perf: detect: Builtin MPM "toserver TCP stream": 0
[6844 - Suricata-Main] 2025-10-19 16:43:54 Perf: detect: Builtin MPM "toclient TCP stream": 0
[6844 - Suricata-Main] 2025-10-19 16:43:54 Perf: detect: Builtin MPM "toserver UDP packet": 0
[6844 - Suricata-Main] 2025-10-19 16:43:54 Perf: detect: Builtin MPM "toclient UDP packet": 0
[6844 - Suricata-Main] 2025-10-19 16:43:54 Perf: detect: Builtin MPM "other IP packet": 0
[6844 - Suricata-Main] 2025-10-19 16:43:55 Error: af-packet: fanout not supported by kernel: Kernel too old or cluster-id 99 already in use.
[6844 - Suricata-Main] 2025-10-19 16:43:55 Info: runmodes: eth0: creating 1 thread
[6844 - Suricata-Main] 2025-10-19 16:43:55 Info: unix-manager: unix socket '/var/run/suricata-command.socket'
[6845 - W#01-eth0] 2025-10-19 16:43:55 Perf: af-packet: eth0: rx ring: block_size=32768 block_nr=90 frame_size=1376 frame_nr=2070
[6844 - Suricata-Main] 2025-10-19 16:43:55 Notice: threads: Threads created -> W: 1 FM: 1 FR: 1   Engine started.
[6844 - Suricata-Main] 2025-10-19 16:49:10 Notice: suricata: Signal Received.  Stopping engine.
[6844 - Suricata-Main] 2025-10-19 16:49:11 Info: suricata: time elapsed 316.404s
[6847 - FR#01] 2025-10-19 16:49:12 Perf: flow-manager: 15 flows processed
[6845 - W#01-eth0] 2025-10-19 16:49:12 Perf: af-packet: eth0: (W#01-eth0) kernel: Packets 82, dropped 0
[6844 - Suricata-Main] 2025-10-19 16:49:12 Info: counters: Alerts: 0
[6844 - Suricata-Main] 2025-10-19 16:49:12 Perf: ippair: ippair memory usage: 414144 bytes, maximum: 16777216
[6844 - Suricata-Main] 2025-10-19 16:49:12 Perf: host: host memory usage: 398144 bytes, maximum: 33554432
[6844 - Suricata-Main] 2025-10-19 16:49:12 Notice: device: eth0: packets: 82, drops: 0 (0.00%), invalid chksum: 0
[6879 - Suricata-Main] 2025-10-19 16:50:12 Notice: suricata: This is Suricata version 7.0.3 RELEASE running in SYSTEM mode
[6879 - Suricata-Main] 2025-10-19 16:50:12 Info: cpu: CPUs/cores online: 16
[6879 - Suricata-Main] 2025-10-19 16:50:12 Info: suricata: Setting engine mode to IDS mode by default
[6879 - Suricata-Main] 2025-10-19 16:50:12 Info: exception-policy: master exception-policy set to: auto
[6879 - Suricata-Main] 2025-10-19 16:50:12 Info: ioctl: eth0: MTU 1280
[6879 - Suricata-Main] 2025-10-19 16:50:12 Info: logopenfile: fast output device (regular) initialized: fast.log
[6879 - Suricata-Main] 2025-10-19 16:50:12 Info: logopenfile: eve-log output device (regular) initialized: eve.json
[6879 - Suricata-Main] 2025-10-19 16:50:12 Info: logopenfile: stats output device (regular) initialized: stats.log
[6879 - Suricata-Main] 2025-10-19 16:50:12 Warning: detect: No rule files match the pattern /var/lib/suricata/rules/suricata.rules
[6879 - Suricata-Main] 2025-10-19 16:50:12 Warning: detect: 1 rule files specified, but no rules were loaded!
[6879 - Suricata-Main] 2025-10-19 16:50:12 Info: threshold-config: Threshold config parsed: 0 rule(s) found
[6879 - Suricata-Main] 2025-10-19 16:50:12 Info: detect: 0 signatures processed. 0 are IP-only rules, 0 are inspecting packet payload, 0 inspect application layer, 0 are decoder event only
[6879 - Suricata-Main] 2025-10-19 16:50:12 Perf: detect: TCP toserver: 0 port groups, 0 unique SGH's, 0 copies
[6879 - Suricata-Main] 2025-10-19 16:50:12 Perf: detect: TCP toclient: 0 port groups, 0 unique SGH's, 0 copies
[6879 - Suricata-Main] 2025-10-19 16:50:12 Perf: detect: UDP toserver: 0 port groups, 0 unique SGH's, 0 copies
[6879 - Suricata-Main] 2025-10-19 16:50:12 Perf: detect: UDP toclient: 0 port groups, 0 unique SGH's, 0 copies
[6879 - Suricata-Main] 2025-10-19 16:50:12 Perf: detect: OTHER toserver: 0 proto groups, 0 unique SGH's, 0 copies
[6879 - Suricata-Main] 2025-10-19 16:50:12 Perf: detect: OTHER toclient: 0 proto groups, 0 unique SGH's, 0 copies
[6879 - Suricata-Main] 2025-10-19 16:50:12 Perf: detect: Unique rule groups: 0
[6879 - Suricata-Main] 2025-10-19 16:50:12 Perf: detect: Builtin MPM "toserver TCP packet": 0
[6879 - Suricata-Main] 2025-10-19 16:50:12 Perf: detect: Builtin MPM "toclient TCP packet": 0
[6879 - Suricata-Main] 2025-10-19 16:50:12 Perf: detect: Builtin MPM "toserver TCP stream": 0
[6879 - Suricata-Main] 2025-10-19 16:50:12 Perf: detect: Builtin MPM "toclient TCP stream": 0
[6879 - Suricata-Main] 2025-10-19 16:50:12 Perf: detect: Builtin MPM "toserver UDP packet": 0
[6879 - Suricata-Main] 2025-10-19 16:50:12 Perf: detect: Builtin MPM "toclient UDP packet": 0
[6879 - Suricata-Main] 2025-10-19 16:50:12 Perf: detect: Builtin MPM "other IP packet": 0
[6879 - Suricata-Main] 2025-10-19 16:50:12 Error: af-packet: fanout not supported by kernel: Kernel too old or cluster-id 99 already in use.
[6879 - Suricata-Main] 2025-10-19 16:50:12 Info: runmodes: eth0: creating 1 thread
[6879 - Suricata-Main] 2025-10-19 16:50:12 Info: unix-manager: unix socket '/var/run/suricata-command.socket'
[6880 - W#01-eth0] 2025-10-19 16:50:12 Perf: af-packet: eth0: rx ring: block_size=32768 block_nr=90 frame_size=1376 frame_nr=2070
[6879 - Suricata-Main] 2025-10-19 16:50:13 Notice: threads: Threads created -> W: 1 FM: 1 FR: 1   Engine started.
[6879 - Suricata-Main] 2025-10-19 16:54:06 Notice: suricata: Signal Received.  Stopping engine.
[6879 - Suricata-Main] 2025-10-19 16:54:07 Info: suricata: time elapsed 234.651s
[6882 - FR#01] 2025-10-19 16:54:08 Perf: flow-manager: 15 flows processed
[6880 - W#01-eth0] 2025-10-19 16:54:08 Perf: af-packet: eth0: (W#01-eth0) kernel: Packets 116, dropped 0
[6879 - Suricata-Main] 2025-10-19 16:54:08 Info: counters: Alerts: 0
[6879 - Suricata-Main] 2025-10-19 16:54:08 Perf: ippair: ippair memory usage: 414144 bytes, maximum: 16777216
[6879 - Suricata-Main] 2025-10-19 16:54:08 Perf: host: host memory usage: 398144 bytes, maximum: 33554432
[6879 - Suricata-Main] 2025-10-19 16:54:08 Notice: device: eth0: packets: 116, drops: 0 (0.00%), invalid chksum: 0
[6981 - Suricata-Main] 2025-10-19 16:56:29 Notice: suricata: This is Suricata version 7.0.3 RELEASE running in SYSTEM mode
[6981 - Suricata-Main] 2025-10-19 16:56:29 Info: cpu: CPUs/cores online: 16
[6981 - Suricata-Main] 2025-10-19 16:56:29 Info: suricata: Setting engine mode to IDS mode by default
[6981 - Suricata-Main] 2025-10-19 16:56:29 Info: exception-policy: master exception-policy set to: auto
[6981 - Suricata-Main] 2025-10-19 16:56:29 Info: ioctl: eth0: MTU 1280
[6981 - Suricata-Main] 2025-10-19 16:56:29 Error: runmodes: Failed to lookup configuration child node: (null)
[7016 - Suricata-Main] 2025-10-19 16:58:13 Notice: suricata: This is Suricata version 7.0.3 RELEASE running in SYSTEM mode
[7016 - Suricata-Main] 2025-10-19 16:58:13 Info: cpu: CPUs/cores online: 16
[7016 - Suricata-Main] 2025-10-19 16:58:13 Info: suricata: Setting engine mode to IDS mode by default
[7016 - Suricata-Main] 2025-10-19 16:58:13 Info: exception-policy: master exception-policy set to: auto
[7016 - Suricata-Main] 2025-10-19 16:58:13 Info: ioctl: eth0: MTU 1280
[7016 - Suricata-Main] 2025-10-19 16:58:13 Error: runmodes: Failed to lookup configuration child node: (null)
[7023 - Suricata-Main] 2025-10-19 16:58:32 Notice: suricata: This is Suricata version 7.0.3 RELEASE running in SYSTEM mode
[7023 - Suricata-Main] 2025-10-19 16:58:32 Info: cpu: CPUs/cores online: 16
[7023 - Suricata-Main] 2025-10-19 16:58:32 Info: suricata: Setting engine mode to IDS mode by default
[7023 - Suricata-Main] 2025-10-19 16:58:32 Info: exception-policy: master exception-policy set to: auto
[7023 - Suricata-Main] 2025-10-19 16:58:33 Info: ioctl: eth0: MTU 1280
[7023 - Suricata-Main] 2025-10-19 16:58:33 Error: runmodes: Failed to lookup configuration child node: (null)
[7026 - Suricata-Main] 2025-10-19 16:58:59 Notice: suricata: This is Suricata version 7.0.3 RELEASE running in SYSTEM mode
[7026 - Suricata-Main] 2025-10-19 16:58:59 Info: cpu: CPUs/cores online: 16
[7026 - Suricata-Main] 2025-10-19 16:58:59 Info: suricata: Setting engine mode to IDS mode by default
[7026 - Suricata-Main] 2025-10-19 16:58:59 Info: exception-policy: master exception-policy set to: auto
[7026 - Suricata-Main] 2025-10-19 16:58:59 Info: ioctl: eth0: MTU 1280
[7026 - Suricata-Main] 2025-10-19 16:58:59 Error: runmodes: Failed to lookup configuration child node: (null)
[7035 - Suricata-Main] 2025-10-19 17:00:01 Notice: suricata: This is Suricata version 7.0.3 RELEASE running in SYSTEM mode
[7035 - Suricata-Main] 2025-10-19 17:00:01 Info: cpu: CPUs/cores online: 16
[7035 - Suricata-Main] 2025-10-19 17:00:01 Info: suricata: Setting engine mode to IDS mode by default
[7035 - Suricata-Main] 2025-10-19 17:00:01 Info: exception-policy: master exception-policy set to: auto
[7035 - Suricata-Main] 2025-10-19 17:00:01 Info: ioctl: eth0: MTU 1280
[7035 - Suricata-Main] 2025-10-19 17:00:01 Error: runmodes: Failed to lookup configuration child node: (null)
[7058 - Suricata-Main] 2025-10-19 17:02:14 Notice: suricata: This is Suricata version 7.0.3 RELEASE running in SYSTEM mode
[7058 - Suricata-Main] 2025-10-19 17:02:14 Info: cpu: CPUs/cores online: 16
[7058 - Suricata-Main] 2025-10-19 17:02:14 Info: suricata: Setting engine mode to IDS mode by default
[7058 - Suricata-Main] 2025-10-19 17:02:14 Info: exception-policy: master exception-policy set to: auto
[7058 - Suricata-Main] 2025-10-19 17:02:14 Info: ioctl: eth0: MTU 1280
[7058 - Suricata-Main] 2025-10-19 17:02:14 Error: runmodes: Failed to lookup configuration child node: (null)
[7061 - Suricata-Main] 2025-10-19 17:02:25 Notice: suricata: This is Suricata version 7.0.3 RELEASE running in SYSTEM mode
[7061 - Suricata-Main] 2025-10-19 17:02:25 Info: cpu: CPUs/cores online: 16
[7061 - Suricata-Main] 2025-10-19 17:02:25 Info: suricata: Setting engine mode to IDS mode by default
[7061 - Suricata-Main] 2025-10-19 17:02:25 Info: exception-policy: master exception-policy set to: auto
[7061 - Suricata-Main] 2025-10-19 17:02:25 Info: ioctl: eth0: MTU 1280
[7061 - Suricata-Main] 2025-10-19 17:02:25 Info: logopenfile: fast output device (regular) initialized: fast.log
[7061 - Suricata-Main] 2025-10-19 17:02:25 Info: logopenfile: eve-log output device (regular) initialized: eve.json
[7061 - Suricata-Main] 2025-10-19 17:02:25 Info: logopenfile: stats output device (regular) initialized: stats.log
[7061 - Suricata-Main] 2025-10-19 17:02:25 Warning: detect: No rule files match the pattern /var/lib/suricata/rules/suricata.rules
[7061 - Suricata-Main] 2025-10-19 17:02:25 Warning: detect: 1 rule files specified, but no rules were loaded!
[7061 - Suricata-Main] 2025-10-19 17:02:25 Info: threshold-config: Threshold config parsed: 0 rule(s) found
[7061 - Suricata-Main] 2025-10-19 17:02:25 Info: detect: 0 signatures processed. 0 are IP-only rules, 0 are inspecting packet payload, 0 inspect application layer, 0 are decoder event only
[7061 - Suricata-Main] 2025-10-19 17:02:25 Perf: detect: TCP toserver: 0 port groups, 0 unique SGH's, 0 copies
[7061 - Suricata-Main] 2025-10-19 17:02:25 Perf: detect: TCP toclient: 0 port groups, 0 unique SGH's, 0 copies
[7061 - Suricata-Main] 2025-10-19 17:02:25 Perf: detect: UDP toserver: 0 port groups, 0 unique SGH's, 0 copies
[7061 - Suricata-Main] 2025-10-19 17:02:25 Perf: detect: UDP toclient: 0 port groups, 0 unique SGH's, 0 copies
[7061 - Suricata-Main] 2025-10-19 17:02:25 Perf: detect: OTHER toserver: 0 proto groups, 0 unique SGH's, 0 copies
[7061 - Suricata-Main] 2025-10-19 17:02:25 Perf: detect: OTHER toclient: 0 proto groups, 0 unique SGH's, 0 copies
[7061 - Suricata-Main] 2025-10-19 17:02:25 Perf: detect: Unique rule groups: 0
[7061 - Suricata-Main] 2025-10-19 17:02:25 Perf: detect: Builtin MPM "toserver TCP packet": 0
[7061 - Suricata-Main] 2025-10-19 17:02:25 Perf: detect: Builtin MPM "toclient TCP packet": 0
[7061 - Suricata-Main] 2025-10-19 17:02:25 Perf: detect: Builtin MPM "toserver TCP stream": 0
[7061 - Suricata-Main] 2025-10-19 17:02:25 Perf: detect: Builtin MPM "toclient TCP stream": 0
[7061 - Suricata-Main] 2025-10-19 17:02:25 Perf: detect: Builtin MPM "toserver UDP packet": 0
[7061 - Suricata-Main] 2025-10-19 17:02:25 Perf: detect: Builtin MPM "toclient UDP packet": 0
[7061 - Suricata-Main] 2025-10-19 17:02:25 Perf: detect: Builtin MPM "other IP packet": 0
[7061 - Suricata-Main] 2025-10-19 17:02:26 Error: af-packet: fanout not supported by kernel: Kernel too old or cluster-id 99 already in use.
[7061 - Suricata-Main] 2025-10-19 17:02:26 Info: runmodes: eth0: creating 1 thread
[7061 - Suricata-Main] 2025-10-19 17:02:26 Info: unix-manager: unix socket '/var/run/suricata-command.socket'
[7062 - W#01-eth0] 2025-10-19 17:02:26 Perf: af-packet: eth0: rx ring: block_size=32768 block_nr=90 frame_size=1376 frame_nr=2070
[7061 - Suricata-Main] 2025-10-19 17:02:26 Notice: threads: Threads created -> W: 1 FM: 1 FR: 1   Engine started.
[7061 - Suricata-Main] 2025-10-19 17:41:56 Notice: suricata: Signal Received.  Stopping engine.
[7061 - Suricata-Main] 2025-10-19 17:41:57 Info: suricata: time elapsed 2371.785s
[7064 - FR#01] 2025-10-19 17:41:58 Perf: flow-manager: 116 flows processed
[7062 - W#01-eth0] 2025-10-19 17:41:58 Perf: af-packet: eth0: (W#01-eth0) kernel: Packets 645, dropped 0
[7061 - Suricata-Main] 2025-10-19 17:41:58 Info: counters: Alerts: 0
[7061 - Suricata-Main] 2025-10-19 17:41:58 Perf: ippair: ippair memory usage: 414144 bytes, maximum: 16777216
[7061 - Suricata-Main] 2025-10-19 17:41:58 Perf: host: host memory usage: 398144 bytes, maximum: 33554432
[7061 - Suricata-Main] 2025-10-19 17:41:58 Notice: device: eth0: packets: 645, drops: 0 (0.00%), invalid chksum: 0
[771 - Suricata-Main] 2025-10-20 18:50:11 Notice: suricata: This is Suricata version 7.0.3 RELEASE running in SYSTEM mode
[771 - Suricata-Main] 2025-10-20 18:50:11 Info: cpu: CPUs/cores online: 16
[771 - Suricata-Main] 2025-10-20 18:50:11 Info: suricata: Setting engine mode to IDS mode by default
[771 - Suricata-Main] 2025-10-20 18:50:11 Info: exception-policy: master exception-policy set to: auto
[771 - Suricata-Main] 2025-10-20 18:50:11 Info: ioctl: eth0: MTU 1280
[771 - Suricata-Main] 2025-10-20 18:50:11 Info: logopenfile: fast output device (regular) initialized: fast.log
[771 - Suricata-Main] 2025-10-20 18:50:11 Info: logopenfile: eve-log output device (regular) initialized: eve.json
[771 - Suricata-Main] 2025-10-20 18:50:11 Info: logopenfile: stats output device (regular) initialized: stats.log
[771 - Suricata-Main] 2025-10-20 18:50:11 Warning: detect: No rule files match the pattern /var/lib/suricata/rules/suricata.rules
[771 - Suricata-Main] 2025-10-20 18:50:11 Warning: detect: 1 rule files specified, but no rules were loaded!
[771 - Suricata-Main] 2025-10-20 18:50:11 Info: threshold-config: Threshold config parsed: 0 rule(s) found
[771 - Suricata-Main] 2025-10-20 18:50:11 Info: detect: 0 signatures processed. 0 are IP-only rules, 0 are inspecting packet payload, 0 inspect application layer, 0 are decoder event only
[771 - Suricata-Main] 2025-10-20 18:50:11 Error: af-packet: fanout not supported by kernel: Kernel too old or cluster-id 99 already in use.
[771 - Suricata-Main] 2025-10-20 18:50:11 Info: runmodes: eth0: creating 1 thread
[771 - Suricata-Main] 2025-10-20 18:50:11 Info: unix-manager: unix socket '/var/run/suricata-command.socket'
[771 - Suricata-Main] 2025-10-20 18:50:11 Notice: threads: Threads created -> W: 1 FM: 1 FR: 1   Engine started.
[771 - Suricata-Main] 2025-10-20 18:52:07 Notice: suricata: Signal Received.  Stopping engine.
[771 - Suricata-Main] 2025-10-20 18:52:08 Info: suricata: time elapsed 116.613s
[771 - Suricata-Main] 2025-10-20 18:52:09 Info: counters: Alerts: 0
[771 - Suricata-Main] 2025-10-20 18:52:09 Notice: device: eth0: packets: 43, drops: 0 (0.00%), invalid chksum: 0
